2024-10-17 21:12:57,974 - INFO - Starting random_copy operation
2024-10-17 21:12:57,985 - INFO - Using Google Sheet: URL=https://docs.google.com/spreadsheets/d/1hZHlAISYNE74-lhepeYaxx86jegYu777pzLMwplScX0/edit?gid=0#gid=0, Name=Sheet1
2024-10-17 21:12:58,003 - DEBUG - Converted retries value: 3 -> Retry(total=3, connect=None, read=None, redirect=None, status=None)
2024-10-17 21:12:58,149 - DEBUG - Making request: POST https://oauth2.googleapis.com/token
2024-10-17 21:12:58,160 - DEBUG - Starting new HTTPS connection (1): oauth2.googleapis.com:443
2024-10-17 21:12:58,524 - DEBUG - https://oauth2.googleapis.com:443 "POST /token HTTP/11" 200 None
2024-10-17 21:12:58,531 - DEBUG - Starting new HTTPS connection (1): sheets.googleapis.com:443
2024-10-17 21:12:58,972 - DEBUG - https://sheets.googleapis.com:443 "GET /v4/spreadsheets/1hZHlAISYNE74-lhepeYaxx86jegYu777pzLMwplScX0?includeGridData=false HTTP/11" 403 None
2024-10-17 21:13:02,136 - ERROR - Error: An unexpected error occurred: 
2024-10-17 21:14:42,119 - INFO - Starting random_copy operation
2024-10-17 21:14:42,121 - INFO - Using Google Sheet: URL=https://docs.google.com/spreadsheets/d/1hZHlAISYNE74-lhepeYaxx86jegYu777pzLMwplScX0/edit?gid=0#gid=0, Name=Sheet1
2024-10-17 21:14:42,136 - DEBUG - Converted retries value: 3 -> Retry(total=3, connect=None, read=None, redirect=None, status=None)
2024-10-17 21:14:42,268 - DEBUG - Making request: POST https://oauth2.googleapis.com/token
2024-10-17 21:14:42,276 - DEBUG - Starting new HTTPS connection (1): oauth2.googleapis.com:443
2024-10-17 21:14:42,642 - DEBUG - https://oauth2.googleapis.com:443 "POST /token HTTP/11" 200 None
2024-10-17 21:14:42,648 - DEBUG - Starting new HTTPS connection (1): sheets.googleapis.com:443
2024-10-17 21:14:43,251 - DEBUG - https://sheets.googleapis.com:443 "GET /v4/spreadsheets/1hZHlAISYNE74-lhepeYaxx86jegYu777pzLMwplScX0?includeGridData=false HTTP/11" 403 None
2024-10-17 21:14:46,411 - ERROR - Unexpected error: An unexpected error occurred: 

Traceback:
Traceback (most recent call last):
  File "C:\Users\yagua\AppData\Roaming\Python\Python312\site-packages\gspread\client.py", line 155, in open_by_key
    spreadsheet = Spreadsheet(self.http_client, {"id": key})
                  ^^^^^^^^^^^^^^^^^^^^^^^^^^^^^^^^^^^^^^^^^^
  File "C:\Users\yagua\AppData\Roaming\Python\Python312\site-packages\gspread\spreadsheet.py", line 29, in __init__
    metadata = self.fetch_sheet_metadata()
               ^^^^^^^^^^^^^^^^^^^^^^^^^^^
  File "C:\Users\yagua\AppData\Roaming\Python\Python312\site-packages\gspread\spreadsheet.py", line 230, in fetch_sheet_metadata
    return self.client.fetch_sheet_metadata(self.id, params=params)
           ^^^^^^^^^^^^^^^^^^^^^^^^^^^^^^^^^^^^^^^^^^^^^^^^^^^^^^^^
  File "C:\Users\yagua\AppData\Roaming\Python\Python312\site-packages\gspread\http_client.py", line 305, in fetch_sheet_metadata
    r = self.request("get", url, params=params)
        ^^^^^^^^^^^^^^^^^^^^^^^^^^^^^^^^^^^^^^^
  File "C:\Users\yagua\AppData\Roaming\Python\Python312\site-packages\gspread\http_client.py", line 128, in request
    raise APIError(response)
gspread.exceptions.APIError: APIError: [403]: The caller does not have permission

The above exception was the direct cause of the following exception:

Traceback (most recent call last):
  File "c:\Users\yagua\AI4Devs\Growgrebuddy_PSA\Personal_Scripts\scripts\randomcopycell\randomcopycell.py", line 29, in get_data_from_google_sheet
    sheet = client.open_by_url(sheet_url).worksheet(sheet_name)
            ^^^^^^^^^^^^^^^^^^^^^^^^^^^^^
  File "C:\Users\yagua\AppData\Roaming\Python\Python312\site-packages\gspread\client.py", line 176, in open_by_url
    return self.open_by_key(extract_id_from_url(url))
           ^^^^^^^^^^^^^^^^^^^^^^^^^^^^^^^^^^^^^^^^^^
  File "C:\Users\yagua\AppData\Roaming\Python\Python312\site-packages\gspread\client.py", line 160, in open_by_key
    raise PermissionError from ex
PermissionError

During handling of the above exception, another exception occurred:

Traceback (most recent call last):
  File "c:\Users\yagua\AI4Devs\Growgrebuddy_PSA\Personal_Scripts\scripts\randomcopycell\randomcopycell.py", line 187, in random_copy
    content = select_random_email_content(None, is_google_sheet=True, sheet_url=self.sheet_url, sheet_name=self.sheet_name)
              ^^^^^^^^^^^^^^^^^^^^^^^^^^^^^^^^^^^^^^^^^^^^^^^^^^^^^^^^^^^^^^^^^^^^^^^^^^^^^^^^^^^^^^^^^^^^^^^^^^^^^^^^^^^^^
  File "c:\Users\yagua\AI4Devs\Growgrebuddy_PSA\Personal_Scripts\scripts\randomcopycell\randomcopycell.py", line 89, in select_random_email_content
    df = get_data_from_google_sheet(sheet_url, sheet_name)
         ^^^^^^^^^^^^^^^^^^^^^^^^^^^^^^^^^^^^^^^^^^^^^^^^^
  File "c:\Users\yagua\AI4Devs\Growgrebuddy_PSA\Personal_Scripts\scripts\randomcopycell\randomcopycell.py", line 42, in get_data_from_google_sheet
    raise ValueError(f"An unexpected error occurred: {str(e)}")
ValueError: An unexpected error occurred: 

2024-10-17 21:16:07,458 - INFO - Starting random_copy operation
2024-10-17 21:16:07,460 - INFO - Using Google Sheet: URL=https://docs.google.com/spreadsheets/d/1hZHlAISYNE74-lhepeYaxx86jegYu777pzLMwplScX0/edit?gid=0#gid=0, Name=Sheet1
2024-10-17 21:16:07,494 - DEBUG - Converted retries value: 3 -> Retry(total=3, connect=None, read=None, redirect=None, status=None)
2024-10-17 21:16:07,703 - DEBUG - Making request: POST https://oauth2.googleapis.com/token
2024-10-17 21:16:07,720 - DEBUG - Starting new HTTPS connection (1): oauth2.googleapis.com:443
2024-10-17 21:16:08,090 - DEBUG - https://oauth2.googleapis.com:443 "POST /token HTTP/11" 200 None
2024-10-17 21:16:08,100 - DEBUG - Starting new HTTPS connection (1): sheets.googleapis.com:443
2024-10-17 21:16:08,552 - DEBUG - https://sheets.googleapis.com:443 "GET /v4/spreadsheets/1hZHlAISYNE74-lhepeYaxx86jegYu777pzLMwplScX0?includeGridData=false HTTP/11" 403 None
2024-10-17 21:16:29,146 - ERROR - Unexpected error: An unexpected error occurred: 

Traceback:
Traceback (most recent call last):
  File "C:\Users\yagua\AppData\Roaming\Python\Python312\site-packages\gspread\client.py", line 155, in open_by_key
    spreadsheet = Spreadsheet(self.http_client, {"id": key})
                  ^^^^^^^^^^^^^^^^^^^^^^^^^^^^^^^^^^^^^^^^^^
  File "C:\Users\yagua\AppData\Roaming\Python\Python312\site-packages\gspread\spreadsheet.py", line 29, in __init__
    metadata = self.fetch_sheet_metadata()
               ^^^^^^^^^^^^^^^^^^^^^^^^^^^
  File "C:\Users\yagua\AppData\Roaming\Python\Python312\site-packages\gspread\spreadsheet.py", line 230, in fetch_sheet_metadata
    return self.client.fetch_sheet_metadata(self.id, params=params)
           ^^^^^^^^^^^^^^^^^^^^^^^^^^^^^^^^^^^^^^^^^^^^^^^^^^^^^^^^
  File "C:\Users\yagua\AppData\Roaming\Python\Python312\site-packages\gspread\http_client.py", line 305, in fetch_sheet_metadata
    r = self.request("get", url, params=params)
        ^^^^^^^^^^^^^^^^^^^^^^^^^^^^^^^^^^^^^^^
  File "C:\Users\yagua\AppData\Roaming\Python\Python312\site-packages\gspread\http_client.py", line 128, in request
    raise APIError(response)
gspread.exceptions.APIError: APIError: [403]: The caller does not have permission

The above exception was the direct cause of the following exception:

Traceback (most recent call last):
  File "c:\Users\yagua\AI4Devs\Growgrebuddy_PSA\Personal_Scripts\scripts\randomcopycell\randomcopycell.py", line 28, in get_data_from_google_sheet
    sheet = client.open_by_url(sheet_url).worksheet(sheet_name)
            ^^^^^^^^^^^^^^^^^^^^^^^^^^^^^
  File "C:\Users\yagua\AppData\Roaming\Python\Python312\site-packages\gspread\client.py", line 176, in open_by_url
    return self.open_by_key(extract_id_from_url(url))
           ^^^^^^^^^^^^^^^^^^^^^^^^^^^^^^^^^^^^^^^^^^
  File "C:\Users\yagua\AppData\Roaming\Python\Python312\site-packages\gspread\client.py", line 160, in open_by_key
    raise PermissionError from ex
PermissionError

During handling of the above exception, another exception occurred:

Traceback (most recent call last):
  File "c:\Users\yagua\AI4Devs\Growgrebuddy_PSA\Personal_Scripts\scripts\randomcopycell\randomcopycell.py", line 187, in random_copy
    content = select_random_email_content(None, is_google_sheet=True, sheet_url=self.sheet_url, sheet_name=self.sheet_name)
              ^^^^^^^^^^^^^^^^^^^^^^^^^^^^^^^^^^^^^^^^^^^^^^^^^^^^^^^^^^^^^^^^^^^^^^^^^^^^^^^^^^^^^^^^^^^^^^^^^^^^^^^^^^^^^
  File "c:\Users\yagua\AI4Devs\Growgrebuddy_PSA\Personal_Scripts\scripts\randomcopycell\randomcopycell.py", line 89, in select_random_email_content
    df = get_data_from_google_sheet(sheet_url, sheet_name)
         ^^^^^^^^^^^^^^^^^^^^^^^^^^^^^^^^^^^^^^^^^^^^^^^^^
  File "c:\Users\yagua\AI4Devs\Growgrebuddy_PSA\Personal_Scripts\scripts\randomcopycell\randomcopycell.py", line 42, in get_data_from_google_sheet
    raise ValueError(f"An unexpected error occurred: {str(e)}")
ValueError: An unexpected error occurred: 

2024-10-17 21:18:23,243 - INFO - Starting random_copy operation
2024-10-17 21:18:23,244 - INFO - Using Google Sheet: URL=https://docs.google.com/spreadsheets/d/1hZHlAISYNE74-lhepeYaxx86jegYu777pzLMwplScX0/edit?gid=0#gid=0, Name=Sheet1
2024-10-17 21:18:23,265 - DEBUG - Converted retries value: 3 -> Retry(total=3, connect=None, read=None, redirect=None, status=None)
2024-10-17 21:18:23,466 - DEBUG - Making request: POST https://oauth2.googleapis.com/token
2024-10-17 21:18:23,480 - DEBUG - Starting new HTTPS connection (1): oauth2.googleapis.com:443
2024-10-17 21:18:23,906 - DEBUG - https://oauth2.googleapis.com:443 "POST /token HTTP/11" 200 None
2024-10-17 21:18:23,914 - DEBUG - Starting new HTTPS connection (1): sheets.googleapis.com:443
2024-10-17 21:18:24,374 - DEBUG - https://sheets.googleapis.com:443 "GET /v4/spreadsheets/1hZHlAISYNE74-lhepeYaxx86jegYu777pzLMwplScX0?includeGridData=false HTTP/11" 403 None
2024-10-17 21:18:27,206 - ERROR - Unexpected error: An unexpected error occurred: 

Traceback:
Traceback (most recent call last):
  File "C:\Users\yagua\AppData\Roaming\Python\Python312\site-packages\gspread\client.py", line 155, in open_by_key
    spreadsheet = Spreadsheet(self.http_client, {"id": key})
                  ^^^^^^^^^^^^^^^^^^^^^^^^^^^^^^^^^^^^^^^^^^
  File "C:\Users\yagua\AppData\Roaming\Python\Python312\site-packages\gspread\spreadsheet.py", line 29, in __init__
    metadata = self.fetch_sheet_metadata()
               ^^^^^^^^^^^^^^^^^^^^^^^^^^^
  File "C:\Users\yagua\AppData\Roaming\Python\Python312\site-packages\gspread\spreadsheet.py", line 230, in fetch_sheet_metadata
    return self.client.fetch_sheet_metadata(self.id, params=params)
           ^^^^^^^^^^^^^^^^^^^^^^^^^^^^^^^^^^^^^^^^^^^^^^^^^^^^^^^^
  File "C:\Users\yagua\AppData\Roaming\Python\Python312\site-packages\gspread\http_client.py", line 305, in fetch_sheet_metadata
    r = self.request("get", url, params=params)
        ^^^^^^^^^^^^^^^^^^^^^^^^^^^^^^^^^^^^^^^
  File "C:\Users\yagua\AppData\Roaming\Python\Python312\site-packages\gspread\http_client.py", line 128, in request
    raise APIError(response)
gspread.exceptions.APIError: APIError: [403]: The caller does not have permission

The above exception was the direct cause of the following exception:

Traceback (most recent call last):
  File "c:\Users\yagua\AI4Devs\Growgrebuddy_PSA\Personal_Scripts\scripts\randomcopycell\randomcopycell.py", line 29, in get_data_from_google_sheet
    sheet = client.open_by_url(sheet_url).worksheet(sheet_name)
            ^^^^^^^^^^^^^^^^^^^^^^^^^^^^^
  File "C:\Users\yagua\AppData\Roaming\Python\Python312\site-packages\gspread\client.py", line 176, in open_by_url
    return self.open_by_key(extract_id_from_url(url))
           ^^^^^^^^^^^^^^^^^^^^^^^^^^^^^^^^^^^^^^^^^^
  File "C:\Users\yagua\AppData\Roaming\Python\Python312\site-packages\gspread\client.py", line 160, in open_by_key
    raise PermissionError from ex
PermissionError

During handling of the above exception, another exception occurred:

Traceback (most recent call last):
  File "c:\Users\yagua\AI4Devs\Growgrebuddy_PSA\Personal_Scripts\scripts\randomcopycell\randomcopycell.py", line 201, in random_copy
    content = select_random_email_content(None, is_google_sheet=True, sheet_url=self.sheet_url, sheet_name=self.sheet_name)
              ^^^^^^^^^^^^^^^^^^^^^^^^^^^^^^^^^^^^^^^^^^^^^^^^^^^^^^^^^^^^^^^^^^^^^^^^^^^^^^^^^^^^^^^^^^^^^^^^^^^^^^^^^^^^^
  File "c:\Users\yagua\AI4Devs\Growgrebuddy_PSA\Personal_Scripts\scripts\randomcopycell\randomcopycell.py", line 103, in select_random_email_content
    df = get_data_from_google_sheet(sheet_url, sheet_name)
         ^^^^^^^^^^^^^^^^^^^^^^^^^^^^^^^^^^^^^^^^^^^^^^^^^
  File "c:\Users\yagua\AI4Devs\Growgrebuddy_PSA\Personal_Scripts\scripts\randomcopycell\randomcopycell.py", line 56, in get_data_from_google_sheet
    raise ValueError(f"An unexpected error occurred: {str(e)}")
ValueError: An unexpected error occurred: 

2024-10-17 21:18:48,432 - INFO - Starting random_copy operation
2024-10-17 21:18:48,432 - INFO - Using Google Sheet: URL=https://docs.google.com/spreadsheets/d/1hZHlAISYNE74-lhepeYaxx86jegYu777pzLMwplScX0/edit?gid=0#gid=0, Name=Sheet1
2024-10-17 21:18:48,440 - DEBUG - Converted retries value: 3 -> Retry(total=3, connect=None, read=None, redirect=None, status=None)
2024-10-17 21:18:48,504 - DEBUG - Making request: POST https://oauth2.googleapis.com/token
2024-10-17 21:18:48,506 - DEBUG - Starting new HTTPS connection (1): oauth2.googleapis.com:443
2024-10-17 21:18:48,778 - DEBUG - https://oauth2.googleapis.com:443 "POST /token HTTP/11" 200 None
2024-10-17 21:18:48,786 - DEBUG - Starting new HTTPS connection (1): sheets.googleapis.com:443
2024-10-17 21:18:49,244 - DEBUG - https://sheets.googleapis.com:443 "GET /v4/spreadsheets/1hZHlAISYNE74-lhepeYaxx86jegYu777pzLMwplScX0?includeGridData=false HTTP/11" 403 None
2024-10-17 21:19:04,038 - ERROR - Unexpected error: An unexpected error occurred: 

Traceback:
Traceback (most recent call last):
  File "C:\Users\yagua\AppData\Roaming\Python\Python312\site-packages\gspread\client.py", line 155, in open_by_key
    spreadsheet = Spreadsheet(self.http_client, {"id": key})
                  ^^^^^^^^^^^^^^^^^^^^^^^^^^^^^^^^^^^^^^^^^^
  File "C:\Users\yagua\AppData\Roaming\Python\Python312\site-packages\gspread\spreadsheet.py", line 29, in __init__
    metadata = self.fetch_sheet_metadata()
               ^^^^^^^^^^^^^^^^^^^^^^^^^^^
  File "C:\Users\yagua\AppData\Roaming\Python\Python312\site-packages\gspread\spreadsheet.py", line 230, in fetch_sheet_metadata
    return self.client.fetch_sheet_metadata(self.id, params=params)
           ^^^^^^^^^^^^^^^^^^^^^^^^^^^^^^^^^^^^^^^^^^^^^^^^^^^^^^^^
  File "C:\Users\yagua\AppData\Roaming\Python\Python312\site-packages\gspread\http_client.py", line 305, in fetch_sheet_metadata
    r = self.request("get", url, params=params)
        ^^^^^^^^^^^^^^^^^^^^^^^^^^^^^^^^^^^^^^^
  File "C:\Users\yagua\AppData\Roaming\Python\Python312\site-packages\gspread\http_client.py", line 128, in request
    raise APIError(response)
gspread.exceptions.APIError: APIError: [403]: The caller does not have permission

The above exception was the direct cause of the following exception:

Traceback (most recent call last):
  File "c:\Users\yagua\AI4Devs\Growgrebuddy_PSA\Personal_Scripts\scripts\randomcopycell\randomcopycell.py", line 29, in get_data_from_google_sheet
    sheet = client.open_by_url(sheet_url).worksheet(sheet_name)
            ^^^^^^^^^^^^^^^^^^^^^^^^^^^^^
  File "C:\Users\yagua\AppData\Roaming\Python\Python312\site-packages\gspread\client.py", line 176, in open_by_url
    return self.open_by_key(extract_id_from_url(url))
           ^^^^^^^^^^^^^^^^^^^^^^^^^^^^^^^^^^^^^^^^^^
  File "C:\Users\yagua\AppData\Roaming\Python\Python312\site-packages\gspread\client.py", line 160, in open_by_key
    raise PermissionError from ex
PermissionError

During handling of the above exception, another exception occurred:

Traceback (most recent call last):
  File "c:\Users\yagua\AI4Devs\Growgrebuddy_PSA\Personal_Scripts\scripts\randomcopycell\randomcopycell.py", line 201, in random_copy
    content = select_random_email_content(None, is_google_sheet=True, sheet_url=self.sheet_url, sheet_name=self.sheet_name)
              ^^^^^^^^^^^^^^^^^^^^^^^^^^^^^^^^^^^^^^^^^^^^^^^^^^^^^^^^^^^^^^^^^^^^^^^^^^^^^^^^^^^^^^^^^^^^^^^^^^^^^^^^^^^^^
  File "c:\Users\yagua\AI4Devs\Growgrebuddy_PSA\Personal_Scripts\scripts\randomcopycell\randomcopycell.py", line 103, in select_random_email_content
    df = get_data_from_google_sheet(sheet_url, sheet_name)
         ^^^^^^^^^^^^^^^^^^^^^^^^^^^^^^^^^^^^^^^^^^^^^^^^^
  File "c:\Users\yagua\AI4Devs\Growgrebuddy_PSA\Personal_Scripts\scripts\randomcopycell\randomcopycell.py", line 56, in get_data_from_google_sheet
    raise ValueError(f"An unexpected error occurred: {str(e)}")
ValueError: An unexpected error occurred: 

2024-10-17 21:21:05,891 - INFO - Starting random_copy operation
2024-10-17 21:21:05,891 - INFO - Using Google Sheet: URL=https://docs.google.com/spreadsheets/d/1hZHlAISYNE74-lhepeYaxx86jegYu777pzLMwplScX0/edit?gid=0#gid=0, Name=Sheet1
2024-10-17 21:21:05,907 - DEBUG - Converted retries value: 3 -> Retry(total=3, connect=None, read=None, redirect=None, status=None)
2024-10-17 21:21:06,018 - DEBUG - Making request: POST https://oauth2.googleapis.com/token
2024-10-17 21:21:06,027 - DEBUG - Starting new HTTPS connection (1): oauth2.googleapis.com:443
2024-10-17 21:21:06,371 - DEBUG - https://oauth2.googleapis.com:443 "POST /token HTTP/11" 200 None
2024-10-17 21:21:06,376 - DEBUG - Starting new HTTPS connection (1): sheets.googleapis.com:443
2024-10-17 21:21:06,916 - DEBUG - https://sheets.googleapis.com:443 "GET /v4/spreadsheets/1hZHlAISYNE74-lhepeYaxx86jegYu777pzLMwplScX0?includeGridData=false HTTP/11" 403 None
2024-10-17 21:21:48,304 - ERROR - The service account doesn't have permission to access this sheet. Please share the sheet with caapgooglesheetapi@random-cell-in-column-caam.iam.gserviceaccount.com
Steps to share the sheet:
1. Open the Google Sheet at https://docs.google.com/spreadsheets/d/1hZHlAISYNE74-lhepeYaxx86jegYu777pzLMwplScX0/edit?gid=0#gid=0
2. Click the 'Share' button in the top-right corner
3. In the 'Add people and groups' field, paste this email: caapgooglesheetapi@random-cell-in-column-caam.iam.gserviceaccount.com
4. Set the role to 'Editor' or 'Viewer' as needed
5. Click 'Send' to grant access
After sharing, try running the script again.
2024-10-17 21:22:07,734 - INFO - Starting random_copy operation
2024-10-17 21:22:07,735 - INFO - Using Google Sheet: URL=https://docs.google.com/spreadsheets/d/1hZHlAISYNE74-lhepeYaxx86jegYu777pzLMwplScX0/edit?usp=sharing, Name=Sheet1
2024-10-17 21:22:07,763 - DEBUG - Converted retries value: 3 -> Retry(total=3, connect=None, read=None, redirect=None, status=None)
2024-10-17 21:22:08,000 - DEBUG - Making request: POST https://oauth2.googleapis.com/token
2024-10-17 21:22:08,006 - DEBUG - Starting new HTTPS connection (1): oauth2.googleapis.com:443
2024-10-17 21:22:08,383 - DEBUG - https://oauth2.googleapis.com:443 "POST /token HTTP/11" 200 None
2024-10-17 21:22:08,393 - DEBUG - Starting new HTTPS connection (1): sheets.googleapis.com:443
2024-10-17 21:22:09,023 - DEBUG - https://sheets.googleapis.com:443 "GET /v4/spreadsheets/1hZHlAISYNE74-lhepeYaxx86jegYu777pzLMwplScX0?includeGridData=false HTTP/11" 403 None
2024-10-17 21:22:20,750 - ERROR - The service account doesn't have permission to access this sheet. Please share the sheet with caapgooglesheetapi@random-cell-in-column-caam.iam.gserviceaccount.com
Steps to share the sheet:
1. Open the Google Sheet at https://docs.google.com/spreadsheets/d/1hZHlAISYNE74-lhepeYaxx86jegYu777pzLMwplScX0/edit?usp=sharing
2. Click the 'Share' button in the top-right corner
3. In the 'Add people and groups' field, paste this email: caapgooglesheetapi@random-cell-in-column-caam.iam.gserviceaccount.com
4. Set the role to 'Editor' or 'Viewer' as needed
5. Click 'Send' to grant access
After sharing, try running the script again.
2024-10-17 21:23:56,920 - INFO - Starting random_copy operation
2024-10-17 21:23:56,921 - INFO - Using Google Sheet: URL=https://docs.google.com/spreadsheets/d/1hZHlAISYNE74-lhepeYaxx86jegYu777pzLMwplScX0/edit?usp=sharing, Name=Sheet1
2024-10-17 21:23:56,943 - DEBUG - Converted retries value: 3 -> Retry(total=3, connect=None, read=None, redirect=None, status=None)
2024-10-17 21:23:57,101 - DEBUG - Making request: POST https://oauth2.googleapis.com/token
2024-10-17 21:23:57,104 - DEBUG - Starting new HTTPS connection (1): oauth2.googleapis.com:443
2024-10-17 21:23:57,399 - DEBUG - https://oauth2.googleapis.com:443 "POST /token HTTP/11" 200 None
2024-10-17 21:23:57,410 - DEBUG - Starting new HTTPS connection (1): sheets.googleapis.com:443
2024-10-17 21:23:57,911 - DEBUG - https://sheets.googleapis.com:443 "GET /v4/spreadsheets/1hZHlAISYNE74-lhepeYaxx86jegYu777pzLMwplScX0?includeGridData=false HTTP/11" 200 None
2024-10-17 21:23:58,149 - DEBUG - https://sheets.googleapis.com:443 "GET /v4/spreadsheets/1hZHlAISYNE74-lhepeYaxx86jegYu777pzLMwplScX0?includeGridData=false HTTP/11" 200 None
2024-10-17 21:23:58,359 - DEBUG - https://sheets.googleapis.com:443 "GET /v4/spreadsheets/1hZHlAISYNE74-lhepeYaxx86jegYu777pzLMwplScX0/values/%27Sheet1%27 HTTP/11" 200 None
2024-10-17 21:24:06,162 - INFO - Successfully copied content to clipboard
2024-10-17 21:24:13,670 - INFO - Starting random_copy operation
2024-10-17 21:24:13,671 - INFO - Using Google Sheet: URL=https://docs.google.com/spreadsheets/d/1hZHlAISYNE74-lhepeYaxx86jegYu777pzLMwplScX0/edit?usp=sharing, Name=Sheet1
2024-10-17 21:24:13,686 - DEBUG - Converted retries value: 3 -> Retry(total=3, connect=None, read=None, redirect=None, status=None)
2024-10-17 21:24:13,830 - DEBUG - Making request: POST https://oauth2.googleapis.com/token
2024-10-17 21:24:13,834 - DEBUG - Starting new HTTPS connection (1): oauth2.googleapis.com:443
2024-10-17 21:24:14,136 - DEBUG - https://oauth2.googleapis.com:443 "POST /token HTTP/11" 200 None
2024-10-17 21:24:14,145 - DEBUG - Starting new HTTPS connection (1): sheets.googleapis.com:443
2024-10-17 21:24:14,492 - DEBUG - https://sheets.googleapis.com:443 "GET /v4/spreadsheets/1hZHlAISYNE74-lhepeYaxx86jegYu777pzLMwplScX0?includeGridData=false HTTP/11" 200 None
2024-10-17 21:24:14,676 - DEBUG - https://sheets.googleapis.com:443 "GET /v4/spreadsheets/1hZHlAISYNE74-lhepeYaxx86jegYu777pzLMwplScX0?includeGridData=false HTTP/11" 200 None
2024-10-17 21:24:14,887 - DEBUG - https://sheets.googleapis.com:443 "GET /v4/spreadsheets/1hZHlAISYNE74-lhepeYaxx86jegYu777pzLMwplScX0/values/%27Sheet1%27 HTTP/11" 200 None
2024-10-17 21:24:18,939 - INFO - Successfully copied content to clipboard
2024-10-17 21:24:19,816 - INFO - Starting random_copy operation
2024-10-17 21:24:19,817 - INFO - Using Google Sheet: URL=https://docs.google.com/spreadsheets/d/1hZHlAISYNE74-lhepeYaxx86jegYu777pzLMwplScX0/edit?usp=sharing, Name=Sheet1
2024-10-17 21:24:19,839 - DEBUG - Converted retries value: 3 -> Retry(total=3, connect=None, read=None, redirect=None, status=None)
2024-10-17 21:24:20,020 - DEBUG - Making request: POST https://oauth2.googleapis.com/token
2024-10-17 21:24:20,026 - DEBUG - Starting new HTTPS connection (1): oauth2.googleapis.com:443
2024-10-17 21:24:20,278 - DEBUG - https://oauth2.googleapis.com:443 "POST /token HTTP/11" 200 None
2024-10-17 21:24:20,289 - DEBUG - Starting new HTTPS connection (1): sheets.googleapis.com:443
2024-10-17 21:24:20,647 - DEBUG - https://sheets.googleapis.com:443 "GET /v4/spreadsheets/1hZHlAISYNE74-lhepeYaxx86jegYu777pzLMwplScX0?includeGridData=false HTTP/11" 200 None
2024-10-17 21:24:20,857 - DEBUG - https://sheets.googleapis.com:443 "GET /v4/spreadsheets/1hZHlAISYNE74-lhepeYaxx86jegYu777pzLMwplScX0?includeGridData=false HTTP/11" 200 None
2024-10-17 21:24:21,114 - DEBUG - https://sheets.googleapis.com:443 "GET /v4/spreadsheets/1hZHlAISYNE74-lhepeYaxx86jegYu777pzLMwplScX0/values/%27Sheet1%27 HTTP/11" 200 None
2024-10-17 21:24:23,539 - INFO - Successfully copied content to clipboard
2024-10-17 21:24:24,520 - INFO - Starting random_copy operation
2024-10-17 21:24:24,521 - INFO - Using Google Sheet: URL=https://docs.google.com/spreadsheets/d/1hZHlAISYNE74-lhepeYaxx86jegYu777pzLMwplScX0/edit?usp=sharing, Name=Sheet1
2024-10-17 21:24:24,548 - DEBUG - Converted retries value: 3 -> Retry(total=3, connect=None, read=None, redirect=None, status=None)
2024-10-17 21:24:24,790 - DEBUG - Making request: POST https://oauth2.googleapis.com/token
2024-10-17 21:24:24,797 - DEBUG - Starting new HTTPS connection (1): oauth2.googleapis.com:443
2024-10-17 21:24:25,068 - DEBUG - https://oauth2.googleapis.com:443 "POST /token HTTP/11" 200 None
2024-10-17 21:24:25,079 - DEBUG - Starting new HTTPS connection (1): sheets.googleapis.com:443
2024-10-17 21:24:25,450 - DEBUG - https://sheets.googleapis.com:443 "GET /v4/spreadsheets/1hZHlAISYNE74-lhepeYaxx86jegYu777pzLMwplScX0?includeGridData=false HTTP/11" 200 None
2024-10-17 21:24:25,676 - DEBUG - https://sheets.googleapis.com:443 "GET /v4/spreadsheets/1hZHlAISYNE74-lhepeYaxx86jegYu777pzLMwplScX0?includeGridData=false HTTP/11" 200 None
2024-10-17 21:24:25,864 - DEBUG - https://sheets.googleapis.com:443 "GET /v4/spreadsheets/1hZHlAISYNE74-lhepeYaxx86jegYu777pzLMwplScX0/values/%27Sheet1%27 HTTP/11" 200 None
2024-10-17 21:24:28,410 - INFO - Successfully copied content to clipboard
2024-10-17 21:24:30,949 - INFO - Starting random_copy operation
2024-10-17 21:24:30,949 - INFO - Using Google Sheet: URL=https://docs.google.com/spreadsheets/d/1hZHlAISYNE74-lhepeYaxx86jegYu777pzLMwplScX0/edit?usp=sharing, Name=Sheet1
2024-10-17 21:24:30,963 - DEBUG - Converted retries value: 3 -> Retry(total=3, connect=None, read=None, redirect=None, status=None)
2024-10-17 21:24:31,081 - DEBUG - Making request: POST https://oauth2.googleapis.com/token
2024-10-17 21:24:31,085 - DEBUG - Starting new HTTPS connection (1): oauth2.googleapis.com:443
2024-10-17 21:24:31,398 - DEBUG - https://oauth2.googleapis.com:443 "POST /token HTTP/11" 200 None
2024-10-17 21:24:31,405 - DEBUG - Starting new HTTPS connection (1): sheets.googleapis.com:443
2024-10-17 21:24:31,755 - DEBUG - https://sheets.googleapis.com:443 "GET /v4/spreadsheets/1hZHlAISYNE74-lhepeYaxx86jegYu777pzLMwplScX0?includeGridData=false HTTP/11" 200 None
2024-10-17 21:24:31,925 - DEBUG - https://sheets.googleapis.com:443 "GET /v4/spreadsheets/1hZHlAISYNE74-lhepeYaxx86jegYu777pzLMwplScX0?includeGridData=false HTTP/11" 200 None
2024-10-17 21:24:32,136 - DEBUG - https://sheets.googleapis.com:443 "GET /v4/spreadsheets/1hZHlAISYNE74-lhepeYaxx86jegYu777pzLMwplScX0/values/%27Sheet1%27 HTTP/11" 200 None
2024-10-17 21:24:37,273 - INFO - Successfully copied content to clipboard
2024-10-17 21:27:14,951 - INFO - Starting random_copy operation
2024-10-17 21:27:14,953 - INFO - Using Google Sheet: URL=https://docs.google.com/spreadsheets/d/1hZHlAISYNE74-lhepeYaxx86jegYu777pzLMwplScX0/edit?usp=sharing, Name=Sheet1
2024-10-17 21:27:14,977 - DEBUG - Converted retries value: 3 -> Retry(total=3, connect=None, read=None, redirect=None, status=None)
2024-10-17 21:27:15,159 - DEBUG - Making request: POST https://oauth2.googleapis.com/token
2024-10-17 21:27:15,173 - DEBUG - Starting new HTTPS connection (1): oauth2.googleapis.com:443
2024-10-17 21:27:15,513 - DEBUG - https://oauth2.googleapis.com:443 "POST /token HTTP/11" 200 None
2024-10-17 21:27:15,523 - DEBUG - Starting new HTTPS connection (1): sheets.googleapis.com:443
2024-10-17 21:27:15,884 - DEBUG - https://sheets.googleapis.com:443 "GET /v4/spreadsheets/1hZHlAISYNE74-lhepeYaxx86jegYu777pzLMwplScX0?includeGridData=false HTTP/11" 200 None
2024-10-17 21:27:16,078 - DEBUG - https://sheets.googleapis.com:443 "GET /v4/spreadsheets/1hZHlAISYNE74-lhepeYaxx86jegYu777pzLMwplScX0?includeGridData=false HTTP/11" 200 None
2024-10-17 21:27:16,296 - DEBUG - https://sheets.googleapis.com:443 "GET /v4/spreadsheets/1hZHlAISYNE74-lhepeYaxx86jegYu777pzLMwplScX0/values/%27Sheet1%27 HTTP/11" 200 None
2024-10-17 21:27:24,151 - INFO - Successfully copied content to clipboard. Selected from column 4, row 28
2024-10-17 21:27:25,296 - INFO - Starting random_copy operation
2024-10-17 21:27:25,297 - INFO - Using Google Sheet: URL=https://docs.google.com/spreadsheets/d/1hZHlAISYNE74-lhepeYaxx86jegYu777pzLMwplScX0/edit?usp=sharing, Name=Sheet1
2024-10-17 21:27:25,315 - DEBUG - Converted retries value: 3 -> Retry(total=3, connect=None, read=None, redirect=None, status=None)
2024-10-17 21:27:25,494 - DEBUG - Making request: POST https://oauth2.googleapis.com/token
2024-10-17 21:27:25,500 - DEBUG - Starting new HTTPS connection (1): oauth2.googleapis.com:443
2024-10-17 21:27:25,772 - DEBUG - https://oauth2.googleapis.com:443 "POST /token HTTP/11" 200 None
2024-10-17 21:27:25,779 - DEBUG - Starting new HTTPS connection (1): sheets.googleapis.com:443
2024-10-17 21:27:26,145 - DEBUG - https://sheets.googleapis.com:443 "GET /v4/spreadsheets/1hZHlAISYNE74-lhepeYaxx86jegYu777pzLMwplScX0?includeGridData=false HTTP/11" 200 None
2024-10-17 21:27:26,340 - DEBUG - https://sheets.googleapis.com:443 "GET /v4/spreadsheets/1hZHlAISYNE74-lhepeYaxx86jegYu777pzLMwplScX0?includeGridData=false HTTP/11" 200 None
2024-10-17 21:27:26,666 - DEBUG - https://sheets.googleapis.com:443 "GET /v4/spreadsheets/1hZHlAISYNE74-lhepeYaxx86jegYu777pzLMwplScX0/values/%27Sheet1%27 HTTP/11" 200 None
2024-10-17 21:27:30,237 - INFO - Successfully copied content to clipboard. Selected from column 4, row 38
2024-10-17 21:27:31,454 - INFO - Starting random_copy operation
2024-10-17 21:27:31,456 - INFO - Using Google Sheet: URL=https://docs.google.com/spreadsheets/d/1hZHlAISYNE74-lhepeYaxx86jegYu777pzLMwplScX0/edit?usp=sharing, Name=Sheet1
2024-10-17 21:27:31,473 - DEBUG - Converted retries value: 3 -> Retry(total=3, connect=None, read=None, redirect=None, status=None)
2024-10-17 21:27:31,618 - DEBUG - Making request: POST https://oauth2.googleapis.com/token
2024-10-17 21:27:31,624 - DEBUG - Starting new HTTPS connection (1): oauth2.googleapis.com:443
2024-10-17 21:27:31,907 - DEBUG - https://oauth2.googleapis.com:443 "POST /token HTTP/11" 200 None
2024-10-17 21:27:31,914 - DEBUG - Starting new HTTPS connection (1): sheets.googleapis.com:443
2024-10-17 21:27:32,261 - DEBUG - https://sheets.googleapis.com:443 "GET /v4/spreadsheets/1hZHlAISYNE74-lhepeYaxx86jegYu777pzLMwplScX0?includeGridData=false HTTP/11" 200 None
2024-10-17 21:27:32,441 - DEBUG - https://sheets.googleapis.com:443 "GET /v4/spreadsheets/1hZHlAISYNE74-lhepeYaxx86jegYu777pzLMwplScX0?includeGridData=false HTTP/11" 200 None
2024-10-17 21:27:32,651 - DEBUG - https://sheets.googleapis.com:443 "GET /v4/spreadsheets/1hZHlAISYNE74-lhepeYaxx86jegYu777pzLMwplScX0/values/%27Sheet1%27 HTTP/11" 200 None
2024-10-17 21:27:35,240 - INFO - Successfully copied content to clipboard. Selected from column 4, row 29
2024-10-17 21:27:37,173 - INFO - Starting random_copy operation
2024-10-17 21:27:37,173 - INFO - Using Google Sheet: URL=https://docs.google.com/spreadsheets/d/1hZHlAISYNE74-lhepeYaxx86jegYu777pzLMwplScX0/edit?usp=sharing, Name=Sheet1
2024-10-17 21:27:37,181 - DEBUG - Converted retries value: 3 -> Retry(total=3, connect=None, read=None, redirect=None, status=None)
2024-10-17 21:27:37,267 - DEBUG - Making request: POST https://oauth2.googleapis.com/token
2024-10-17 21:27:37,270 - DEBUG - Starting new HTTPS connection (1): oauth2.googleapis.com:443
2024-10-17 21:27:37,515 - DEBUG - https://oauth2.googleapis.com:443 "POST /token HTTP/11" 200 None
2024-10-17 21:27:37,520 - DEBUG - Starting new HTTPS connection (1): sheets.googleapis.com:443
2024-10-17 21:27:37,860 - DEBUG - https://sheets.googleapis.com:443 "GET /v4/spreadsheets/1hZHlAISYNE74-lhepeYaxx86jegYu777pzLMwplScX0?includeGridData=false HTTP/11" 200 None
2024-10-17 21:27:38,019 - DEBUG - https://sheets.googleapis.com:443 "GET /v4/spreadsheets/1hZHlAISYNE74-lhepeYaxx86jegYu777pzLMwplScX0?includeGridData=false HTTP/11" 200 None
2024-10-17 21:27:38,207 - DEBUG - https://sheets.googleapis.com:443 "GET /v4/spreadsheets/1hZHlAISYNE74-lhepeYaxx86jegYu777pzLMwplScX0/values/%27Sheet1%27 HTTP/11" 200 None
2024-10-17 21:27:40,435 - INFO - Successfully copied content to clipboard. Selected from column 4, row 11
